<?xml version="1.0" encoding="UTF-8"?>
<!-- Generated by org.testng.reporters.JUnitReportReporter -->
<testsuite hostname="DESKTOP-25F6ABB" failures="0" tests="17" name="com.MyStore.qa.testcases.LoginPageTest" time="180.319" errors="0" timestamp="2022-03-28T14:23:15 EDT" skipped="0">
  <testcase classname="com.MyStore.qa.testcases.LoginPageTest" name="LoginWithValidCredentialTest" time="15.474"/>
  <system-out/>
  <testcase classname="com.MyStore.qa.testcases.LoginPageTest" name="LoginWith_EmptyEmail_InvalidPasswd" time="7.137"/>
  <system-out/>
  <testcase classname="com.MyStore.qa.testcases.LoginPageTest" name="LoginWith_InvalidEmail_ValidPasswd" time="8.181"/>
  <system-out/>
  <testcase classname="com.MyStore.qa.testcases.LoginPageTest" name="LoginWith_ValidCredentialinCAPS" time="13.586"/>
  <system-out/>
  <testcase classname="com.MyStore.qa.testcases.LoginPageTest" name="LoginWith_Enterbtn_test" time="16.871"/>
  <system-out/>
  <testcase classname="com.MyStore.qa.testcases.LoginPageTest" name="Link_forgotpasswd_test" time="9.639"/>
  <system-out/>
  <testcase classname="com.MyStore.qa.testcases.LoginPageTest" name="signinbtn_enabled_test" time="6.202"/>
  <system-out/>
  <testcase classname="com.MyStore.qa.testcases.LoginPageTest" name="LoginWith_InvalidEmail_InvalidPasswd" time="6.715"/>
  <system-out/>
  <testcase classname="com.MyStore.qa.testcases.LoginPageTest" name="LoginWIth_ValidEmail_EmptyPasswd" time="6.829"/>
  <system-out/>
  <testcase classname="com.MyStore.qa.testcases.LoginPageTest" name="SubheadingTest" time="4.483"/>
  <system-out/>
  <testcase classname="com.MyStore.qa.testcases.LoginPageTest" name="EmailLabelTest" time="8.975"/>
  <system-out/>
  <testcase classname="com.MyStore.qa.testcases.LoginPageTest" name="LoginWith_InvalidEmail_EmptyPasswd" time="13.673"/>
  <system-out/>
  <testcase classname="com.MyStore.qa.testcases.LoginPageTest" name="LoginWith_EmptyEmail_EmptyPassswd" time="13.772"/>
  <system-out/>
  <testcase classname="com.MyStore.qa.testcases.LoginPageTest" name="PasswdLabelTest" time="14.397"/>
  <system-out/>
  <testcase classname="com.MyStore.qa.testcases.LoginPageTest" name="LoginWith_ValidEmail_InvalidPasswd" time="22.430"/>
  <system-out/>
  <testcase classname="com.MyStore.qa.testcases.LoginPageTest" name="LoginWith_EmptyEmail_ValidPasswd" time="6.885"/>
  <system-out/>
  <testcase classname="com.MyStore.qa.testcases.LoginPageTest" name="PageheadingTest" time="5.070"/>
  <system-out/>
</testsuite> <!-- com.MyStore.qa.testcases.LoginPageTest -->
